2024-11-27 12:45:33 [[31MERROR[39M]: uncaughtException: Cannot find module './src/routes/projects'
Require stack:
- C:\Users\PavithiranGaneshkuma\Developer\Recipe_App\RecipeManagerserver\app.js
Error: Cannot find module './src/routes/projects'
Require stack:
- C:\Users\PavithiranGaneshkuma\Developer\Recipe_App\RecipeManagerserver\app.js
    at Module._resolveFilename (node:internal/modules/cjs/loader:1145:15)
    at Module._load (node:internal/modules/cjs/loader:986:27)
    at Module.require (node:internal/modules/cjs/loader:1233:19)
    at require (node:internal/modules/helpers:179:18)
    at Object.<anonymous> (C:\Users\PavithiranGaneshkuma\Developer\Recipe_App\RecipeManagerserver\app.js:5:23)
    at Module._compile (node:internal/modules/cjs/loader:1358:14)
    at Module._extensions..js (node:internal/modules/cjs/loader:1416:10)
    at Module.load (node:internal/modules/cjs/loader:1208:32)
    at Module._load (node:internal/modules/cjs/loader:1024:12)
    at Function.executeUserEntryPoint [as runMain] (node:internal/modules/run_main:174:12)
2024-11-27 12:45:43 [[31MERROR[39M]: uncaughtException: Cannot find module './src/routes/projects'
Require stack:
- C:\Users\PavithiranGaneshkuma\Developer\Recipe_App\RecipeManagerserver\app.js
Error: Cannot find module './src/routes/projects'
Require stack:
- C:\Users\PavithiranGaneshkuma\Developer\Recipe_App\RecipeManagerserver\app.js
    at Module._resolveFilename (node:internal/modules/cjs/loader:1145:15)
    at Module._load (node:internal/modules/cjs/loader:986:27)
    at Module.require (node:internal/modules/cjs/loader:1233:19)
    at require (node:internal/modules/helpers:179:18)
    at Object.<anonymous> (C:\Users\PavithiranGaneshkuma\Developer\Recipe_App\RecipeManagerserver\app.js:5:23)
    at Module._compile (node:internal/modules/cjs/loader:1358:14)
    at Module._extensions..js (node:internal/modules/cjs/loader:1416:10)
    at Module.load (node:internal/modules/cjs/loader:1208:32)
    at Module._load (node:internal/modules/cjs/loader:1024:12)
    at Function.executeUserEntryPoint [as runMain] (node:internal/modules/run_main:174:12)
2024-11-27 12:50:26 [[31MERROR[39M]: uncaughtException: getPeopleIdByEmail is not defined
ReferenceError: getPeopleIdByEmail is not defined
    at Object.<anonymous> (C:\Users\PavithiranGaneshkuma\Developer\Recipe_App\RecipeManagerserver\src\components\reg_user_db.js:112:3)
    at Module._compile (node:internal/modules/cjs/loader:1358:14)
    at Module._extensions..js (node:internal/modules/cjs/loader:1416:10)
    at Module.load (node:internal/modules/cjs/loader:1208:32)
    at Module._load (node:internal/modules/cjs/loader:1024:12)
    at Module.require (node:internal/modules/cjs/loader:1233:19)
    at require (node:internal/modules/helpers:179:18)
    at Object.<anonymous> (C:\Users\PavithiranGaneshkuma\Developer\Recipe_App\RecipeManagerserver\src\routes\auth.js:17:5)
    at Module._compile (node:internal/modules/cjs/loader:1358:14)
    at Module._extensions..js (node:internal/modules/cjs/loader:1416:10)
2024-11-27 12:50:33 [[31MERROR[39M]: uncaughtException: getPeopleIdByEmail is not defined
ReferenceError: getPeopleIdByEmail is not defined
    at Object.<anonymous> (C:\Users\PavithiranGaneshkuma\Developer\Recipe_App\RecipeManagerserver\src\components\reg_user_db.js:112:3)
    at Module._compile (node:internal/modules/cjs/loader:1358:14)
    at Module._extensions..js (node:internal/modules/cjs/loader:1416:10)
    at Module.load (node:internal/modules/cjs/loader:1208:32)
    at Module._load (node:internal/modules/cjs/loader:1024:12)
    at Module.require (node:internal/modules/cjs/loader:1233:19)
    at require (node:internal/modules/helpers:179:18)
    at Object.<anonymous> (C:\Users\PavithiranGaneshkuma\Developer\Recipe_App\RecipeManagerserver\src\routes\auth.js:17:5)
    at Module._compile (node:internal/modules/cjs/loader:1358:14)
    at Module._extensions..js (node:internal/modules/cjs/loader:1416:10)
2024-11-27 12:50:52 [[31MERROR[39M]: uncaughtException: getPeopleIdByEmail is not defined
ReferenceError: getPeopleIdByEmail is not defined
    at Object.<anonymous> (C:\Users\PavithiranGaneshkuma\Developer\Recipe_App\RecipeManagerserver\src\components\reg_user_db.js:112:3)
    at Module._compile (node:internal/modules/cjs/loader:1358:14)
    at Module._extensions..js (node:internal/modules/cjs/loader:1416:10)
    at Module.load (node:internal/modules/cjs/loader:1208:32)
    at Module._load (node:internal/modules/cjs/loader:1024:12)
    at Module.require (node:internal/modules/cjs/loader:1233:19)
    at require (node:internal/modules/helpers:179:18)
    at Object.<anonymous> (C:\Users\PavithiranGaneshkuma\Developer\Recipe_App\RecipeManagerserver\src\routes\auth.js:17:5)
    at Module._compile (node:internal/modules/cjs/loader:1358:14)
    at Module._extensions..js (node:internal/modules/cjs/loader:1416:10)
2024-11-27 12:52:04 [[31MERROR[39M]: uncaughtException: getPeopleIdByEmail is not defined
ReferenceError: getPeopleIdByEmail is not defined
    at Object.<anonymous> (C:\Users\PavithiranGaneshkuma\Developer\Recipe_App\RecipeManagerserver\src\components\reg_user_db.js:111:3)
    at Module._compile (node:internal/modules/cjs/loader:1358:14)
    at Module._extensions..js (node:internal/modules/cjs/loader:1416:10)
    at Module.load (node:internal/modules/cjs/loader:1208:32)
    at Module._load (node:internal/modules/cjs/loader:1024:12)
    at Module.require (node:internal/modules/cjs/loader:1233:19)
    at require (node:internal/modules/helpers:179:18)
    at Object.<anonymous> (C:\Users\PavithiranGaneshkuma\Developer\Recipe_App\RecipeManagerserver\src\routes\auth.js:17:5)
    at Module._compile (node:internal/modules/cjs/loader:1358:14)
    at Module._extensions..js (node:internal/modules/cjs/loader:1416:10)
2024-11-27 12:52:30 [[31MERROR[39M]: uncaughtException: getPeopleIdByEmail is not defined
ReferenceError: getPeopleIdByEmail is not defined
    at Object.<anonymous> (C:\Users\PavithiranGaneshkuma\Developer\Recipe_App\RecipeManagerserver\src\components\reg_user_db.js:111:3)
    at Module._compile (node:internal/modules/cjs/loader:1358:14)
    at Module._extensions..js (node:internal/modules/cjs/loader:1416:10)
    at Module.load (node:internal/modules/cjs/loader:1208:32)
    at Module._load (node:internal/modules/cjs/loader:1024:12)
    at Module.require (node:internal/modules/cjs/loader:1233:19)
    at require (node:internal/modules/helpers:179:18)
    at Object.<anonymous> (C:\Users\PavithiranGaneshkuma\Developer\Recipe_App\RecipeManagerserver\src\routes\auth.js:17:5)
    at Module._compile (node:internal/modules/cjs/loader:1358:14)
    at Module._extensions..js (node:internal/modules/cjs/loader:1416:10)
2024-11-27 15:58:54 [[31MERROR[39M]: uncaughtException: userRoutes is not defined
ReferenceError: userRoutes is not defined
    at Object.<anonymous> (C:\Users\PavithiranGaneshkuma\Developer\Recipe_App\RecipeManagerserver\app.js:24:41)
    at Module._compile (node:internal/modules/cjs/loader:1358:14)
    at Module._extensions..js (node:internal/modules/cjs/loader:1416:10)
    at Module.load (node:internal/modules/cjs/loader:1208:32)
    at Module._load (node:internal/modules/cjs/loader:1024:12)
    at Function.executeUserEntryPoint [as runMain] (node:internal/modules/run_main:174:12)
    at node:internal/main/run_main_module:28:49
2024-11-27 15:59:54 [[31MERROR[39M]: uncaughtException: express is not defined
ReferenceError: express is not defined
    at Object.<anonymous> (C:\Users\PavithiranGaneshkuma\Developer\Recipe_App\RecipeManagerserver\src\routes\UserDetails.js:1:16)
    at Module._compile (node:internal/modules/cjs/loader:1358:14)
    at Module._extensions..js (node:internal/modules/cjs/loader:1416:10)
    at Module.load (node:internal/modules/cjs/loader:1208:32)
    at Module._load (node:internal/modules/cjs/loader:1024:12)
    at Module.require (node:internal/modules/cjs/loader:1233:19)
    at require (node:internal/modules/helpers:179:18)
    at Object.<anonymous> (C:\Users\PavithiranGaneshkuma\Developer\Recipe_App\RecipeManagerserver\app.js:7:20)
    at Module._compile (node:internal/modules/cjs/loader:1358:14)
    at Module._extensions..js (node:internal/modules/cjs/loader:1416:10)
2024-11-27 16:00:16 [[31MERROR[39M]: uncaughtException: express is not defined
ReferenceError: express is not defined
    at Object.<anonymous> (C:\Users\PavithiranGaneshkuma\Developer\Recipe_App\RecipeManagerserver\src\routes\UserDetails.js:1:16)
    at Module._compile (node:internal/modules/cjs/loader:1358:14)
    at Module._extensions..js (node:internal/modules/cjs/loader:1416:10)
    at Module.load (node:internal/modules/cjs/loader:1208:32)
    at Module._load (node:internal/modules/cjs/loader:1024:12)
    at Module.require (node:internal/modules/cjs/loader:1233:19)
    at require (node:internal/modules/helpers:179:18)
    at Object.<anonymous> (C:\Users\PavithiranGaneshkuma\Developer\Recipe_App\RecipeManagerserver\app.js:7:20)
    at Module._compile (node:internal/modules/cjs/loader:1358:14)
    at Module._extensions..js (node:internal/modules/cjs/loader:1416:10)
2024-11-27 16:02:23 [[31MERROR[39M]: uncaughtException: express is not defined
ReferenceError: express is not defined
    at Object.<anonymous> (C:\Users\PavithiranGaneshkuma\Developer\Recipe_App\RecipeManagerserver\src\routes\UserDetails.js:1:16)
    at Module._compile (node:internal/modules/cjs/loader:1358:14)
    at Module._extensions..js (node:internal/modules/cjs/loader:1416:10)
    at Module.load (node:internal/modules/cjs/loader:1208:32)
    at Module._load (node:internal/modules/cjs/loader:1024:12)
    at Module.require (node:internal/modules/cjs/loader:1233:19)
    at require (node:internal/modules/helpers:179:18)
    at Object.<anonymous> (C:\Users\PavithiranGaneshkuma\Developer\Recipe_App\RecipeManagerserver\app.js:7:19)
    at Module._compile (node:internal/modules/cjs/loader:1358:14)
    at Module._extensions..js (node:internal/modules/cjs/loader:1416:10)
2024-11-27 16:02:39 [[31MERROR[39M]: uncaughtException: express is not defined
ReferenceError: express is not defined
    at Object.<anonymous> (C:\Users\PavithiranGaneshkuma\Developer\Recipe_App\RecipeManagerserver\src\routes\UserDetails.js:1:16)
    at Module._compile (node:internal/modules/cjs/loader:1358:14)
    at Module._extensions..js (node:internal/modules/cjs/loader:1416:10)
    at Module.load (node:internal/modules/cjs/loader:1208:32)
    at Module._load (node:internal/modules/cjs/loader:1024:12)
    at Module.require (node:internal/modules/cjs/loader:1233:19)
    at require (node:internal/modules/helpers:179:18)
    at Object.<anonymous> (C:\Users\PavithiranGaneshkuma\Developer\Recipe_App\RecipeManagerserver\app.js:7:24)
    at Module._compile (node:internal/modules/cjs/loader:1358:14)
    at Module._extensions..js (node:internal/modules/cjs/loader:1416:10)
2024-11-27 16:02:59 [[31MERROR[39M]: uncaughtException: express is not defined
ReferenceError: express is not defined
    at Object.<anonymous> (C:\Users\PavithiranGaneshkuma\Developer\Recipe_App\RecipeManagerserver\src\routes\UserDetails.js:1:16)
    at Module._compile (node:internal/modules/cjs/loader:1358:14)
    at Module._extensions..js (node:internal/modules/cjs/loader:1416:10)
    at Module.load (node:internal/modules/cjs/loader:1208:32)
    at Module._load (node:internal/modules/cjs/loader:1024:12)
    at Module.require (node:internal/modules/cjs/loader:1233:19)
    at require (node:internal/modules/helpers:179:18)
    at Object.<anonymous> (C:\Users\PavithiranGaneshkuma\Developer\Recipe_App\RecipeManagerserver\app.js:7:24)
    at Module._compile (node:internal/modules/cjs/loader:1358:14)
    at Module._extensions..js (node:internal/modules/cjs/loader:1416:10)
2024-11-27 16:03:22 [[31MERROR[39M]: uncaughtException: express is not defined
ReferenceError: express is not defined
    at Object.<anonymous> (C:\Users\PavithiranGaneshkuma\Developer\Recipe_App\RecipeManagerserver\src\routes\UserDetails.js:1:16)
    at Module._compile (node:internal/modules/cjs/loader:1358:14)
    at Module._extensions..js (node:internal/modules/cjs/loader:1416:10)
    at Module.load (node:internal/modules/cjs/loader:1208:32)
    at Module._load (node:internal/modules/cjs/loader:1024:12)
    at Module.require (node:internal/modules/cjs/loader:1233:19)
    at require (node:internal/modules/helpers:179:18)
    at Object.<anonymous> (C:\Users\PavithiranGaneshkuma\Developer\Recipe_App\RecipeManagerserver\app.js:7:24)
    at Module._compile (node:internal/modules/cjs/loader:1358:14)
    at Module._extensions..js (node:internal/modules/cjs/loader:1416:10)
2024-11-27 16:03:42 [[31MERROR[39M]: uncaughtException: express is not defined
ReferenceError: express is not defined
    at Object.<anonymous> (C:\Users\PavithiranGaneshkuma\Developer\Recipe_App\RecipeManagerserver\src\routes\UserDetails.js:1:16)
    at Module._compile (node:internal/modules/cjs/loader:1358:14)
    at Module._extensions..js (node:internal/modules/cjs/loader:1416:10)
    at Module.load (node:internal/modules/cjs/loader:1208:32)
    at Module._load (node:internal/modules/cjs/loader:1024:12)
    at Module.require (node:internal/modules/cjs/loader:1233:19)
    at require (node:internal/modules/helpers:179:18)
    at Object.<anonymous> (C:\Users\PavithiranGaneshkuma\Developer\Recipe_App\RecipeManagerserver\app.js:7:24)
    at Module._compile (node:internal/modules/cjs/loader:1358:14)
    at Module._extensions..js (node:internal/modules/cjs/loader:1416:10)
2024-11-27 16:05:55 [[31MERROR[39M]: uncaughtException: express is not defined
ReferenceError: express is not defined
    at Object.<anonymous> (C:\Users\PavithiranGaneshkuma\Developer\Recipe_App\RecipeManagerserver\src\routes\UserDetails.js:1:16)
    at Module._compile (node:internal/modules/cjs/loader:1358:14)
    at Module._extensions..js (node:internal/modules/cjs/loader:1416:10)
    at Module.load (node:internal/modules/cjs/loader:1208:32)
    at Module._load (node:internal/modules/cjs/loader:1024:12)
    at Module.require (node:internal/modules/cjs/loader:1233:19)
    at require (node:internal/modules/helpers:179:18)
    at Object.<anonymous> (C:\Users\PavithiranGaneshkuma\Developer\Recipe_App\RecipeManagerserver\app.js:5:24)
    at Module._compile (node:internal/modules/cjs/loader:1358:14)
    at Module._extensions..js (node:internal/modules/cjs/loader:1416:10)
2024-11-27 16:06:09 [[31MERROR[39M]: uncaughtException: express is not defined
ReferenceError: express is not defined
    at Object.<anonymous> (C:\Users\PavithiranGaneshkuma\Developer\Recipe_App\RecipeManagerserver\src\routes\UserDetails.js:1:16)
    at Module._compile (node:internal/modules/cjs/loader:1358:14)
    at Module._extensions..js (node:internal/modules/cjs/loader:1416:10)
    at Module.load (node:internal/modules/cjs/loader:1208:32)
    at Module._load (node:internal/modules/cjs/loader:1024:12)
    at Module.require (node:internal/modules/cjs/loader:1233:19)
    at require (node:internal/modules/helpers:179:18)
    at Object.<anonymous> (C:\Users\PavithiranGaneshkuma\Developer\Recipe_App\RecipeManagerserver\app.js:5:24)
    at Module._compile (node:internal/modules/cjs/loader:1358:14)
    at Module._extensions..js (node:internal/modules/cjs/loader:1416:10)
2024-11-27 16:06:12 [[31MERROR[39M]: uncaughtException: express is not defined
ReferenceError: express is not defined
    at Object.<anonymous> (C:\Users\PavithiranGaneshkuma\Developer\Recipe_App\RecipeManagerserver\src\routes\UserDetails.js:1:16)
    at Module._compile (node:internal/modules/cjs/loader:1358:14)
    at Module._extensions..js (node:internal/modules/cjs/loader:1416:10)
    at Module.load (node:internal/modules/cjs/loader:1208:32)
    at Module._load (node:internal/modules/cjs/loader:1024:12)
    at Module.require (node:internal/modules/cjs/loader:1233:19)
    at require (node:internal/modules/helpers:179:18)
    at Object.<anonymous> (C:\Users\PavithiranGaneshkuma\Developer\Recipe_App\RecipeManagerserver\app.js:5:24)
    at Module._compile (node:internal/modules/cjs/loader:1358:14)
    at Module._extensions..js (node:internal/modules/cjs/loader:1416:10)
2024-11-27 16:07:12 [[31MERROR[39M]: uncaughtException: express is not defined
ReferenceError: express is not defined
    at Object.<anonymous> (C:\Users\PavithiranGaneshkuma\Developer\Recipe_App\RecipeManagerserver\src\routes\UserDetails.js:1:16)
    at Module._compile (node:internal/modules/cjs/loader:1358:14)
    at Module._extensions..js (node:internal/modules/cjs/loader:1416:10)
    at Module.load (node:internal/modules/cjs/loader:1208:32)
    at Module._load (node:internal/modules/cjs/loader:1024:12)
    at Module.require (node:internal/modules/cjs/loader:1233:19)
    at require (node:internal/modules/helpers:179:18)
    at Object.<anonymous> (C:\Users\PavithiranGaneshkuma\Developer\Recipe_App\RecipeManagerserver\app.js:5:24)
    at Module._compile (node:internal/modules/cjs/loader:1358:14)
    at Module._extensions..js (node:internal/modules/cjs/loader:1416:10)
2024-11-27 16:07:33 [[31MERROR[39M]: uncaughtException: express is not defined
ReferenceError: express is not defined
    at Object.<anonymous> (C:\Users\PavithiranGaneshkuma\Developer\Recipe_App\RecipeManagerserver\src\routes\UserDetails.js:1:16)
    at Module._compile (node:internal/modules/cjs/loader:1358:14)
    at Module._extensions..js (node:internal/modules/cjs/loader:1416:10)
    at Module.load (node:internal/modules/cjs/loader:1208:32)
    at Module._load (node:internal/modules/cjs/loader:1024:12)
    at Module.require (node:internal/modules/cjs/loader:1233:19)
    at require (node:internal/modules/helpers:179:18)
    at Object.<anonymous> (C:\Users\PavithiranGaneshkuma\Developer\Recipe_App\RecipeManagerserver\app.js:5:24)
    at Module._compile (node:internal/modules/cjs/loader:1358:14)
    at Module._extensions..js (node:internal/modules/cjs/loader:1416:10)
2024-11-27 16:07:42 [[31MERROR[39M]: uncaughtException: express is not defined
ReferenceError: express is not defined
    at Object.<anonymous> (C:\Users\PavithiranGaneshkuma\Developer\Recipe_App\RecipeManagerserver\src\routes\UserDetails.js:1:16)
    at Module._compile (node:internal/modules/cjs/loader:1358:14)
    at Module._extensions..js (node:internal/modules/cjs/loader:1416:10)
    at Module.load (node:internal/modules/cjs/loader:1208:32)
    at Module._load (node:internal/modules/cjs/loader:1024:12)
    at Module.require (node:internal/modules/cjs/loader:1233:19)
    at require (node:internal/modules/helpers:179:18)
    at Object.<anonymous> (C:\Users\PavithiranGaneshkuma\Developer\Recipe_App\RecipeManagerserver\app.js:5:24)
    at Module._compile (node:internal/modules/cjs/loader:1358:14)
    at Module._extensions..js (node:internal/modules/cjs/loader:1416:10)
2024-11-27 16:10:02 [[31MERROR[39M]: uncaughtException: express is not defined
ReferenceError: express is not defined
    at Object.<anonymous> (C:\Users\PavithiranGaneshkuma\Developer\Recipe_App\RecipeManagerserver\src\routes\UserDetails.js:1:16)
    at Module._compile (node:internal/modules/cjs/loader:1358:14)
    at Module._extensions..js (node:internal/modules/cjs/loader:1416:10)
    at Module.load (node:internal/modules/cjs/loader:1208:32)
    at Module._load (node:internal/modules/cjs/loader:1024:12)
    at Module.require (node:internal/modules/cjs/loader:1233:19)
    at require (node:internal/modules/helpers:179:18)
    at Object.<anonymous> (C:\Users\PavithiranGaneshkuma\Developer\Recipe_App\RecipeManagerserver\app.js:5:24)
    at Module._compile (node:internal/modules/cjs/loader:1358:14)
    at Module._extensions..js (node:internal/modules/cjs/loader:1416:10)
2024-11-27 16:11:00 [[31MERROR[39M]: uncaughtException: express is not defined
ReferenceError: express is not defined
    at Object.<anonymous> (C:\Users\PavithiranGaneshkuma\Developer\Recipe_App\RecipeManagerserver\src\routes\UserDetails.js:1:16)
    at Module._compile (node:internal/modules/cjs/loader:1358:14)
    at Module._extensions..js (node:internal/modules/cjs/loader:1416:10)
    at Module.load (node:internal/modules/cjs/loader:1208:32)
    at Module._load (node:internal/modules/cjs/loader:1024:12)
    at Module.require (node:internal/modules/cjs/loader:1233:19)
    at require (node:internal/modules/helpers:179:18)
    at Object.<anonymous> (C:\Users\PavithiranGaneshkuma\Developer\Recipe_App\RecipeManagerserver\app.js:5:24)
    at Module._compile (node:internal/modules/cjs/loader:1358:14)
    at Module._extensions..js (node:internal/modules/cjs/loader:1416:10)
2024-11-27 16:11:24 [[31MERROR[39M]: uncaughtException: express is not defined
ReferenceError: express is not defined
    at Object.<anonymous> (C:\Users\PavithiranGaneshkuma\Developer\Recipe_App\RecipeManagerserver\src\routes\UserDetails.js:1:16)
    at Module._compile (node:internal/modules/cjs/loader:1358:14)
    at Module._extensions..js (node:internal/modules/cjs/loader:1416:10)
    at Module.load (node:internal/modules/cjs/loader:1208:32)
    at Module._load (node:internal/modules/cjs/loader:1024:12)
    at Module.require (node:internal/modules/cjs/loader:1233:19)
    at require (node:internal/modules/helpers:179:18)
    at Object.<anonymous> (C:\Users\PavithiranGaneshkuma\Developer\Recipe_App\RecipeManagerserver\app.js:5:24)
    at Module._compile (node:internal/modules/cjs/loader:1358:14)
    at Module._extensions..js (node:internal/modules/cjs/loader:1416:10)
2024-11-27 16:11:33 [[31MERROR[39M]: uncaughtException: express is not defined
ReferenceError: express is not defined
    at Object.<anonymous> (C:\Users\PavithiranGaneshkuma\Developer\Recipe_App\RecipeManagerserver\src\routes\UserDetails.js:1:16)
    at Module._compile (node:internal/modules/cjs/loader:1358:14)
    at Module._extensions..js (node:internal/modules/cjs/loader:1416:10)
    at Module.load (node:internal/modules/cjs/loader:1208:32)
    at Module._load (node:internal/modules/cjs/loader:1024:12)
    at Module.require (node:internal/modules/cjs/loader:1233:19)
    at require (node:internal/modules/helpers:179:18)
    at Object.<anonymous> (C:\Users\PavithiranGaneshkuma\Developer\Recipe_App\RecipeManagerserver\app.js:5:24)
    at Module._compile (node:internal/modules/cjs/loader:1358:14)
    at Module._extensions..js (node:internal/modules/cjs/loader:1416:10)
2024-11-27 16:13:02 [[31MERROR[39M]: uncaughtException: express is not defined
ReferenceError: express is not defined
    at Object.<anonymous> (C:\Users\PavithiranGaneshkuma\Developer\Recipe_App\RecipeManagerserver\src\routes\UserDetails.js:1:16)
    at Module._compile (node:internal/modules/cjs/loader:1358:14)
    at Module._extensions..js (node:internal/modules/cjs/loader:1416:10)
    at Module.load (node:internal/modules/cjs/loader:1208:32)
    at Module._load (node:internal/modules/cjs/loader:1024:12)
    at Module.require (node:internal/modules/cjs/loader:1233:19)
    at require (node:internal/modules/helpers:179:18)
    at Object.<anonymous> (C:\Users\PavithiranGaneshkuma\Developer\Recipe_App\RecipeManagerserver\app.js:5:24)
    at Module._compile (node:internal/modules/cjs/loader:1358:14)
    at Module._extensions..js (node:internal/modules/cjs/loader:1416:10)
2024-11-27 16:13:53 [[31MERROR[39M]: uncaughtException: express is not defined
ReferenceError: express is not defined
    at Object.<anonymous> (C:\Users\PavithiranGaneshkuma\Developer\Recipe_App\RecipeManagerserver\src\routes\UserDetails.js:1:16)
    at Module._compile (node:internal/modules/cjs/loader:1358:14)
    at Module._extensions..js (node:internal/modules/cjs/loader:1416:10)
    at Module.load (node:internal/modules/cjs/loader:1208:32)
    at Module._load (node:internal/modules/cjs/loader:1024:12)
    at Module.require (node:internal/modules/cjs/loader:1233:19)
    at require (node:internal/modules/helpers:179:18)
    at Object.<anonymous> (C:\Users\PavithiranGaneshkuma\Developer\Recipe_App\RecipeManagerserver\app.js:5:24)
    at Module._compile (node:internal/modules/cjs/loader:1358:14)
    at Module._extensions..js (node:internal/modules/cjs/loader:1416:10)
2024-11-27 16:14:47 [[31MERROR[39M]: uncaughtException: Router.use() requires a middleware function but got a Object
TypeError: Router.use() requires a middleware function but got a Object
    at Function.use (C:\Users\PavithiranGaneshkuma\Developer\Recipe_App\RecipeManagerserver\node_modules\express\lib\router\index.js:469:13)
    at Function.<anonymous> (C:\Users\PavithiranGaneshkuma\Developer\Recipe_App\RecipeManagerserver\node_modules\express\lib\application.js:227:21)
    at Array.forEach (<anonymous>)
    at Function.use (C:\Users\PavithiranGaneshkuma\Developer\Recipe_App\RecipeManagerserver\node_modules\express\lib\application.js:224:7)
    at Object.<anonymous> (C:\Users\PavithiranGaneshkuma\Developer\Recipe_App\RecipeManagerserver\app.js:25:5)
    at Module._compile (node:internal/modules/cjs/loader:1358:14)
    at Module._extensions..js (node:internal/modules/cjs/loader:1416:10)
    at Module.load (node:internal/modules/cjs/loader:1208:32)
    at Module._load (node:internal/modules/cjs/loader:1024:12)
    at Function.executeUserEntryPoint [as runMain] (node:internal/modules/run_main:174:12)
2024-11-27 16:15:13 [[31MERROR[39M]: uncaughtException: Router.use() requires a middleware function but got a Object
TypeError: Router.use() requires a middleware function but got a Object
    at Function.use (C:\Users\PavithiranGaneshkuma\Developer\Recipe_App\RecipeManagerserver\node_modules\express\lib\router\index.js:469:13)
    at Function.<anonymous> (C:\Users\PavithiranGaneshkuma\Developer\Recipe_App\RecipeManagerserver\node_modules\express\lib\application.js:227:21)
    at Array.forEach (<anonymous>)
    at Function.use (C:\Users\PavithiranGaneshkuma\Developer\Recipe_App\RecipeManagerserver\node_modules\express\lib\application.js:224:7)
    at Object.<anonymous> (C:\Users\PavithiranGaneshkuma\Developer\Recipe_App\RecipeManagerserver\app.js:25:5)
    at Module._compile (node:internal/modules/cjs/loader:1358:14)
    at Module._extensions..js (node:internal/modules/cjs/loader:1416:10)
    at Module.load (node:internal/modules/cjs/loader:1208:32)
    at Module._load (node:internal/modules/cjs/loader:1024:12)
    at Function.executeUserEntryPoint [as runMain] (node:internal/modules/run_main:174:12)
2024-11-27 16:15:23 [[31MERROR[39M]: uncaughtException: Router.use() requires a middleware function but got a Object
TypeError: Router.use() requires a middleware function but got a Object
    at Function.use (C:\Users\PavithiranGaneshkuma\Developer\Recipe_App\RecipeManagerserver\node_modules\express\lib\router\index.js:469:13)
    at Function.<anonymous> (C:\Users\PavithiranGaneshkuma\Developer\Recipe_App\RecipeManagerserver\node_modules\express\lib\application.js:227:21)
    at Array.forEach (<anonymous>)
    at Function.use (C:\Users\PavithiranGaneshkuma\Developer\Recipe_App\RecipeManagerserver\node_modules\express\lib\application.js:224:7)
    at Object.<anonymous> (C:\Users\PavithiranGaneshkuma\Developer\Recipe_App\RecipeManagerserver\app.js:25:5)
    at Module._compile (node:internal/modules/cjs/loader:1358:14)
    at Module._extensions..js (node:internal/modules/cjs/loader:1416:10)
    at Module.load (node:internal/modules/cjs/loader:1208:32)
    at Module._load (node:internal/modules/cjs/loader:1024:12)
    at Function.executeUserEntryPoint [as runMain] (node:internal/modules/run_main:174:12)
2024-11-27 16:15:27 [[31MERROR[39M]: uncaughtException: Router.use() requires a middleware function but got a Object
TypeError: Router.use() requires a middleware function but got a Object
    at Function.use (C:\Users\PavithiranGaneshkuma\Developer\Recipe_App\RecipeManagerserver\node_modules\express\lib\router\index.js:469:13)
    at Function.<anonymous> (C:\Users\PavithiranGaneshkuma\Developer\Recipe_App\RecipeManagerserver\node_modules\express\lib\application.js:227:21)
    at Array.forEach (<anonymous>)
    at Function.use (C:\Users\PavithiranGaneshkuma\Developer\Recipe_App\RecipeManagerserver\node_modules\express\lib\application.js:224:7)
    at Object.<anonymous> (C:\Users\PavithiranGaneshkuma\Developer\Recipe_App\RecipeManagerserver\app.js:25:5)
    at Module._compile (node:internal/modules/cjs/loader:1358:14)
    at Module._extensions..js (node:internal/modules/cjs/loader:1416:10)
    at Module.load (node:internal/modules/cjs/loader:1208:32)
    at Module._load (node:internal/modules/cjs/loader:1024:12)
    at Function.executeUserEntryPoint [as runMain] (node:internal/modules/run_main:174:12)
2024-11-27 16:17:29 [[31MERROR[39M]: uncaughtException: Router.use() requires a middleware function but got a Object
TypeError: Router.use() requires a middleware function but got a Object
    at Function.use (C:\Users\PavithiranGaneshkuma\Developer\Recipe_App\RecipeManagerserver\node_modules\express\lib\router\index.js:469:13)
    at Function.<anonymous> (C:\Users\PavithiranGaneshkuma\Developer\Recipe_App\RecipeManagerserver\node_modules\express\lib\application.js:227:21)
    at Array.forEach (<anonymous>)
    at Function.use (C:\Users\PavithiranGaneshkuma\Developer\Recipe_App\RecipeManagerserver\node_modules\express\lib\application.js:224:7)
    at Object.<anonymous> (C:\Users\PavithiranGaneshkuma\Developer\Recipe_App\RecipeManagerserver\app.js:25:5)
    at Module._compile (node:internal/modules/cjs/loader:1358:14)
    at Module._extensions..js (node:internal/modules/cjs/loader:1416:10)
    at Module.load (node:internal/modules/cjs/loader:1208:32)
    at Module._load (node:internal/modules/cjs/loader:1024:12)
    at Function.executeUserEntryPoint [as runMain] (node:internal/modules/run_main:174:12)
2024-11-27 16:18:29 [[31MERROR[39M]: uncaughtException: Router.use() requires a middleware function but got a Object
TypeError: Router.use() requires a middleware function but got a Object
    at Function.use (C:\Users\PavithiranGaneshkuma\Developer\Recipe_App\RecipeManagerserver\node_modules\express\lib\router\index.js:469:13)
    at Function.<anonymous> (C:\Users\PavithiranGaneshkuma\Developer\Recipe_App\RecipeManagerserver\node_modules\express\lib\application.js:227:21)
    at Array.forEach (<anonymous>)
    at Function.use (C:\Users\PavithiranGaneshkuma\Developer\Recipe_App\RecipeManagerserver\node_modules\express\lib\application.js:224:7)
    at Object.<anonymous> (C:\Users\PavithiranGaneshkuma\Developer\Recipe_App\RecipeManagerserver\app.js:25:5)
    at Module._compile (node:internal/modules/cjs/loader:1358:14)
    at Module._extensions..js (node:internal/modules/cjs/loader:1416:10)
    at Module.load (node:internal/modules/cjs/loader:1208:32)
    at Module._load (node:internal/modules/cjs/loader:1024:12)
    at Function.executeUserEntryPoint [as runMain] (node:internal/modules/run_main:174:12)
2024-11-27 16:18:58 [[31MERROR[39M]: uncaughtException: userRoutes is not defined
ReferenceError: userRoutes is not defined
    at Object.<anonymous> (C:\Users\PavithiranGaneshkuma\Developer\Recipe_App\RecipeManagerserver\app.js:26:41)
    at Module._compile (node:internal/modules/cjs/loader:1358:14)
    at Module._extensions..js (node:internal/modules/cjs/loader:1416:10)
    at Module.load (node:internal/modules/cjs/loader:1208:32)
    at Module._load (node:internal/modules/cjs/loader:1024:12)
    at Function.executeUserEntryPoint [as runMain] (node:internal/modules/run_main:174:12)
    at node:internal/main/run_main_module:28:49
2024-11-27 16:19:10 [[31MERROR[39M]: uncaughtException: Router.use() requires a middleware function but got a Object
TypeError: Router.use() requires a middleware function but got a Object
    at Function.use (C:\Users\PavithiranGaneshkuma\Developer\Recipe_App\RecipeManagerserver\node_modules\express\lib\router\index.js:469:13)
    at Function.<anonymous> (C:\Users\PavithiranGaneshkuma\Developer\Recipe_App\RecipeManagerserver\node_modules\express\lib\application.js:227:21)
    at Array.forEach (<anonymous>)
    at Function.use (C:\Users\PavithiranGaneshkuma\Developer\Recipe_App\RecipeManagerserver\node_modules\express\lib\application.js:224:7)
    at Object.<anonymous> (C:\Users\PavithiranGaneshkuma\Developer\Recipe_App\RecipeManagerserver\app.js:26:5)
    at Module._compile (node:internal/modules/cjs/loader:1358:14)
    at Module._extensions..js (node:internal/modules/cjs/loader:1416:10)
    at Module.load (node:internal/modules/cjs/loader:1208:32)
    at Module._load (node:internal/modules/cjs/loader:1024:12)
    at Function.executeUserEntryPoint [as runMain] (node:internal/modules/run_main:174:12)
2024-11-27 23:32:27 [[31MERROR[39M]: uncaughtException: Router.use() requires a middleware function but got a Object
TypeError: Router.use() requires a middleware function but got a Object
    at Function.use (C:\Users\PavithiranGaneshkuma\Developer\Recipe_App\RecipeManagerserver\node_modules\express\lib\router\index.js:469:13)
    at Function.<anonymous> (C:\Users\PavithiranGaneshkuma\Developer\Recipe_App\RecipeManagerserver\node_modules\express\lib\application.js:227:21)
    at Array.forEach (<anonymous>)
    at Function.use (C:\Users\PavithiranGaneshkuma\Developer\Recipe_App\RecipeManagerserver\node_modules\express\lib\application.js:224:7)
    at Object.<anonymous> (C:\Users\PavithiranGaneshkuma\Developer\Recipe_App\RecipeManagerserver\app.js:26:5)
    at Module._compile (node:internal/modules/cjs/loader:1358:14)
    at Module._extensions..js (node:internal/modules/cjs/loader:1416:10)
    at Module.load (node:internal/modules/cjs/loader:1208:32)
    at Module._load (node:internal/modules/cjs/loader:1024:12)
    at Function.executeUserEntryPoint [as runMain] (node:internal/modules/run_main:174:12)
2024-11-27 23:46:51 [[31MERROR[39M]: uncaughtException: sql is not defined
ReferenceError: sql is not defined
    at C:\Users\PavithiranGaneshkuma\Developer\Recipe_App\RecipeManagerserver\src\routes\recipeData.js:116:7
    at Layer.handle [as handle_request] (C:\Users\PavithiranGaneshkuma\Developer\Recipe_App\RecipeManagerserver\node_modules\express\lib\router\layer.js:95:5)
    at next (C:\Users\PavithiranGaneshkuma\Developer\Recipe_App\RecipeManagerserver\node_modules\express\lib\router\route.js:149:13)
    at Route.dispatch (C:\Users\PavithiranGaneshkuma\Developer\Recipe_App\RecipeManagerserver\node_modules\express\lib\router\route.js:119:3)
    at Layer.handle [as handle_request] (C:\Users\PavithiranGaneshkuma\Developer\Recipe_App\RecipeManagerserver\node_modules\express\lib\router\layer.js:95:5)
    at C:\Users\PavithiranGaneshkuma\Developer\Recipe_App\RecipeManagerserver\node_modules\express\lib\router\index.js:284:15
    at Function.process_params (C:\Users\PavithiranGaneshkuma\Developer\Recipe_App\RecipeManagerserver\node_modules\express\lib\router\index.js:346:12)
    at next (C:\Users\PavithiranGaneshkuma\Developer\Recipe_App\RecipeManagerserver\node_modules\express\lib\router\index.js:280:10)
    at Function.handle (C:\Users\PavithiranGaneshkuma\Developer\Recipe_App\RecipeManagerserver\node_modules\express\lib\router\index.js:175:3)
    at router (C:\Users\PavithiranGaneshkuma\Developer\Recipe_App\RecipeManagerserver\node_modules\express\lib\router\index.js:47:12)
2024-11-27 23:47:43 [[31MERROR[39M]: uncaughtException: transaction is not defined
ReferenceError: transaction is not defined
    at C:\Users\PavithiranGaneshkuma\Developer\Recipe_App\RecipeManagerserver\src\routes\recipeData.js:113:7
    at Layer.handle [as handle_request] (C:\Users\PavithiranGaneshkuma\Developer\Recipe_App\RecipeManagerserver\node_modules\express\lib\router\layer.js:95:5)
    at next (C:\Users\PavithiranGaneshkuma\Developer\Recipe_App\RecipeManagerserver\node_modules\express\lib\router\route.js:149:13)
    at Route.dispatch (C:\Users\PavithiranGaneshkuma\Developer\Recipe_App\RecipeManagerserver\node_modules\express\lib\router\route.js:119:3)
    at Layer.handle [as handle_request] (C:\Users\PavithiranGaneshkuma\Developer\Recipe_App\RecipeManagerserver\node_modules\express\lib\router\layer.js:95:5)
    at C:\Users\PavithiranGaneshkuma\Developer\Recipe_App\RecipeManagerserver\node_modules\express\lib\router\index.js:284:15
    at Function.process_params (C:\Users\PavithiranGaneshkuma\Developer\Recipe_App\RecipeManagerserver\node_modules\express\lib\router\index.js:346:12)
    at next (C:\Users\PavithiranGaneshkuma\Developer\Recipe_App\RecipeManagerserver\node_modules\express\lib\router\index.js:280:10)
    at Function.handle (C:\Users\PavithiranGaneshkuma\Developer\Recipe_App\RecipeManagerserver\node_modules\express\lib\router\index.js:175:3)
    at router (C:\Users\PavithiranGaneshkuma\Developer\Recipe_App\RecipeManagerserver\node_modules\express\lib\router\index.js:47:12)
2024-11-27 23:48:03 [[31MERROR[39M]: uncaughtException: transaction is not defined
ReferenceError: transaction is not defined
    at C:\Users\PavithiranGaneshkuma\Developer\Recipe_App\RecipeManagerserver\src\routes\recipeData.js:114:7
    at Layer.handle [as handle_request] (C:\Users\PavithiranGaneshkuma\Developer\Recipe_App\RecipeManagerserver\node_modules\express\lib\router\layer.js:95:5)
    at next (C:\Users\PavithiranGaneshkuma\Developer\Recipe_App\RecipeManagerserver\node_modules\express\lib\router\route.js:149:13)
    at Route.dispatch (C:\Users\PavithiranGaneshkuma\Developer\Recipe_App\RecipeManagerserver\node_modules\express\lib\router\route.js:119:3)
    at Layer.handle [as handle_request] (C:\Users\PavithiranGaneshkuma\Developer\Recipe_App\RecipeManagerserver\node_modules\express\lib\router\layer.js:95:5)
    at C:\Users\PavithiranGaneshkuma\Developer\Recipe_App\RecipeManagerserver\node_modules\express\lib\router\index.js:284:15
    at Function.process_params (C:\Users\PavithiranGaneshkuma\Developer\Recipe_App\RecipeManagerserver\node_modules\express\lib\router\index.js:346:12)
    at next (C:\Users\PavithiranGaneshkuma\Developer\Recipe_App\RecipeManagerserver\node_modules\express\lib\router\index.js:280:10)
    at Function.handle (C:\Users\PavithiranGaneshkuma\Developer\Recipe_App\RecipeManagerserver\node_modules\express\lib\router\index.js:175:3)
    at router (C:\Users\PavithiranGaneshkuma\Developer\Recipe_App\RecipeManagerserver\node_modules\express\lib\router\index.js:47:12)
2024-11-27 23:48:21 [[31MERROR[39M]: uncaughtException: transaction is not defined
ReferenceError: transaction is not defined
    at C:\Users\PavithiranGaneshkuma\Developer\Recipe_App\RecipeManagerserver\src\routes\recipeData.js:114:7
    at process.processTicksAndRejections (node:internal/process/task_queues:95:5)
2024-11-28 00:57:20 [[31MERROR[39M]: uncaughtException: transaction is not defined
ReferenceError: transaction is not defined
    at C:\Users\PavithiranGaneshkuma\Developer\Recipe_App\RecipeManagerserver\src\routes\recipeData.js:134:5
    at process.processTicksAndRejections (node:internal/process/task_queues:95:5)
2024-11-28 01:00:47 [[31MERROR[39M]: uncaughtException: transaction is not defined
ReferenceError: transaction is not defined
    at C:\Users\PavithiranGaneshkuma\Developer\Recipe_App\RecipeManagerserver\src\routes\recipeData.js:134:5
    at process.processTicksAndRejections (node:internal/process/task_queues:95:5)
2024-11-28 01:02:18 [[31MERROR[39M]: uncaughtException: transaction is not defined
ReferenceError: transaction is not defined
    at C:\Users\PavithiranGaneshkuma\Developer\Recipe_App\RecipeManagerserver\src\routes\recipeData.js:182:5
    at process.processTicksAndRejections (node:internal/process/task_queues:95:5)
2024-11-28 01:16:49 [[31MERROR[39M]: uncaughtException: Cannot read properties of undefined (reading 'originalname')
TypeError: Cannot read properties of undefined (reading 'originalname')
    at C:\Users\PavithiranGaneshkuma\Developer\Recipe_App\RecipeManagerserver\src\routes\recipeData.js:45:25
    at Layer.handle [as handle_request] (C:\Users\PavithiranGaneshkuma\Developer\Recipe_App\RecipeManagerserver\node_modules\express\lib\router\layer.js:95:5)
    at next (C:\Users\PavithiranGaneshkuma\Developer\Recipe_App\RecipeManagerserver\node_modules\express\lib\router\route.js:149:13)
    at done (C:\Users\PavithiranGaneshkuma\Developer\Recipe_App\RecipeManagerserver\node_modules\multer\lib\make-middleware.js:45:7)
    at indicateDone (C:\Users\PavithiranGaneshkuma\Developer\Recipe_App\RecipeManagerserver\node_modules\multer\lib\make-middleware.js:49:68)
    at Multipart.<anonymous> (C:\Users\PavithiranGaneshkuma\Developer\Recipe_App\RecipeManagerserver\node_modules\multer\lib\make-middleware.js:166:7)
    at Multipart.emit (node:events:519:28)
    at emitCloseNT (node:internal/streams/destroy:147:10)
    at process.processTicksAndRejections (node:internal/process/task_queues:81:21)
2024-11-28 16:06:41 [[31MERROR[39M]: uncaughtException: app is not defined
ReferenceError: app is not defined
    at Object.<anonymous> (C:\Users\PavithiranGaneshkuma\Developer\Recipe_App\RecipeManagerserver\src\routes\recipeData.js:207:1)
    at Module._compile (node:internal/modules/cjs/loader:1358:14)
    at Module._extensions..js (node:internal/modules/cjs/loader:1416:10)
    at Module.load (node:internal/modules/cjs/loader:1208:32)
    at Module._load (node:internal/modules/cjs/loader:1024:12)
    at Module.require (node:internal/modules/cjs/loader:1233:19)
    at require (node:internal/modules/helpers:179:18)
    at Object.<anonymous> (C:\Users\PavithiranGaneshkuma\Developer\Recipe_App\RecipeManagerserver\app.js:6:25)
    at Module._compile (node:internal/modules/cjs/loader:1358:14)
    at Module._extensions..js (node:internal/modules/cjs/loader:1416:10)
2024-11-29 11:04:41 [[31MERROR[39M]: uncaughtException: Cannot find module 'moment'
Require stack:
- C:\Users\PavithiranGaneshkuma\Developer\Recipe_App\RecipeManagerserver\src\routes\recipeData.js
- C:\Users\PavithiranGaneshkuma\Developer\Recipe_App\RecipeManagerserver\app.js
Error: Cannot find module 'moment'
Require stack:
- C:\Users\PavithiranGaneshkuma\Developer\Recipe_App\RecipeManagerserver\src\routes\recipeData.js
- C:\Users\PavithiranGaneshkuma\Developer\Recipe_App\RecipeManagerserver\app.js
    at Module._resolveFilename (node:internal/modules/cjs/loader:1145:15)
    at Module._load (node:internal/modules/cjs/loader:986:27)
    at Module.require (node:internal/modules/cjs/loader:1233:19)
    at require (node:internal/modules/helpers:179:18)
    at Object.<anonymous> (C:\Users\PavithiranGaneshkuma\Developer\Recipe_App\RecipeManagerserver\src\routes\recipeData.js:10:16)
    at Module._compile (node:internal/modules/cjs/loader:1358:14)
    at Module._extensions..js (node:internal/modules/cjs/loader:1416:10)
    at Module.load (node:internal/modules/cjs/loader:1208:32)
    at Module._load (node:internal/modules/cjs/loader:1024:12)
    at Module.require (node:internal/modules/cjs/loader:1233:19)
